 Date: 02/01/2014  Time: 19:17

 Reading APAME input file... Done!

     Job name: wings

     Total number of panels:       2632
     ...excluding dummy panels:    2576

     KEYWORD values:
         Airspeed:                 .11111E+02
         Density:                  .12250E+01
         Atmospheric pressure:     .10132E+06
         Mach number:              .00000E+00
         Wing span:                .64000E+01
         Mean aerodynamic chord:   .31978E+01
         Wing surface:             .20466E+02
         Origin:                   .00000E+00 .00000E+00 .00000E+00
         Singularity method:       constant source/doublet
         Error parameter:          .10000E-06
         Farfield parameter:       .50000E+01
         Collocation calculation:  approximative
         Velocity interp. order:   quadratic

     Angles of interest [deg]:
         Angles of attack:   0.0   1.0   2.0   3.0   4.0   5.0   6.0   7.0   8.0   9.0  10.0  11.0  12.0
         Sideslip angles:    0.0   0.0   0.0   0.0   0.0   0.0   0.0   0.0   0.0   0.0   0.0   0.0   0.0

 Calculating grid information... Done!

     Time for preprocessing.............................:   0.220 s

 Calculating influence coefficients... Done!

     Time for calculating influence coefficients........:   0.881 s

 Calculating right-hand side... Done!

     Time for calculating right-hand side...............:   0.026 s

 Solving system of equations... Done!

     Time for solving system of equations...............:   0.703 s

 Postprocessing... Done!

     Time for postprocessing............................:   0.141 s

     Coefficients in body reference frame:
              CX      CY      CZ      CL      CM      CN
          0.0075 -0.0000  0.1803 -0.0000 -0.0682 -0.0000
          0.0064 -0.0000  0.2196 -0.0000 -0.0765 -0.0000
          0.0044  0.0000  0.2589 -0.0000 -0.0848  0.0000
          0.0016  0.0000  0.2982  0.0000 -0.0933 -0.0000
         -0.0022  0.0000  0.3375  0.0000 -0.1020  0.0000
         -0.0068  0.0000  0.3767  0.0000 -0.1108  0.0000
         -0.0122  0.0000  0.4158  0.0000 -0.1196  0.0000
         -0.0186 -0.0000  0.4548  0.0000 -0.1286  0.0000
         -0.0258  0.0000  0.4935  0.0000 -0.1377  0.0000
         -0.0338  0.0000  0.5319  0.0000 -0.1468  0.0000
         -0.0427  0.0000  0.5700  0.0000 -0.1560  0.0000
         -0.0523  0.0000  0.6078  0.0000 -0.1653 -0.0000
         -0.0628  0.0000  0.6451  0.0000 -0.1746  0.0000

     Coefficients in aerodynamic reference frame:
              CD      CK      CL
          0.0075 -0.0000  0.1803
          0.0102 -0.0000  0.2194
          0.0134  0.0000  0.2586
          0.0172  0.0000  0.2977
          0.0214  0.0000  0.3368
          0.0261  0.0000  0.3759
          0.0313  0.0000  0.4148
          0.0370 -0.0000  0.4536
          0.0432  0.0000  0.4922
          0.0498  0.0000  0.5306
          0.0570  0.0000  0.5688
          0.0646  0.0000  0.6066
          0.0727  0.0000  0.6441

 Writing results file... Done!

     Time for writing results file......................:   6.186 s

 Job complete!

