 
C:/Users/Chris/Desktop/BASECanopy.prg ----file opened ... ready to work:C:/Users/Chris/Desktop/BASECanopy.prg 
 -----Save To File ... 
 ----Save_Changes 
 ------JustSaveFile 
 ---- Save  Previous  File ... 
C:/Program Files (x86)/ParaTailorHome/work/BASECanopy.prg ----file opened ... ready to work:C:/Program Files (x86)/ParaTailorHome/work/BASECanopy.prg 
 ------OpenGl view  
 ----Export_ALL to DXF  
 ---- Save  Previous  File ... 
 ------JustSaveFile 
C:/Program Files (x86)/ParaTailorHome/work/BASECanopy.prg ----file opened ... ready to work:C:/Program Files (x86)/ParaTailorHome/work/BASECanopy.prg 
 ----Cross view  
 ----Skin tension  
 ------OpenGl view  
 ----MyEditAirFoilDialog 
 ----MyEditAirFoilDialog 
 ----Save_Changes 
 ------JustSaveFile 
  -----Top view  
  -----Airfoils view  
  -----Lower side design  
 ------OpenGl view  
 ----MyEditAirFoilDialog 
 ----MyEditAirFoilDialog 
 ----Save_Changes 
 ------JustSaveFile 
 ----Save_Changes 
 ------JustSaveFile 
 ----Save_Changes 
 ------JustSaveFile 
 ----Save_Changes 
 ------JustSaveFile 
 ----MyEditAirFoilDialog 
 ----Export_ALL to DXF  
 ----Save_Changes 
 ------JustSaveFile 
 ----Export_ALL to DXF 